2025-06-07 22:33:48,341 [INFO] Activator:176 - 


2025-06-07 22:33:48,343 [INFO] Activator:177 - !SESSION log4j initialized
2025-06-07 22:33:50,792 [INFO] LogOutputStream:77 - [STDOUT_REDIRECT] 
2025-06-07 22:33:52,764 [INFO] ApplicationProperties:184 - Using Application install path: C:\ST\STM32CubeIDE_1.18.1\STM32CubeIDE\plugins\com.st.stm32cube.common.mx_6.14.1.202504091515
2025-06-07 22:33:52,781 [INFO] DbMcusXml:78 - Set database path to: C:\ST\STM32CubeIDE_1.18.1\STM32CubeIDE\plugins\com.st.stm32cube.common.mx_6.14.1.202504091515\\db\/mcu/
2025-06-07 22:33:52,781 [INFO] ApiDb:274 - Set plugin database path to: C:\ST\STM32CubeIDE_1.18.1\STM32CubeIDE\plugins\com.st.stm32cube.common.mx_6.14.1.202504091515\\db\/plugins/boardmanager/
2025-06-07 22:33:52,782 [WARN] ApiDb:259 - Overriding images path with different value:  => C:\ST\STM32CubeIDE_1.18.1\STM32CubeIDE\plugins\com.st.stm32cube.common.mx_6.14.1.202504091515\\db\/plugins/mcufinder/images/
2025-06-07 22:33:52,788 [INFO] ApiDb:250 - Set database path to: C:\Users\ashan\.stmcufinder\plugins\mcufinder//mcu/
2025-06-07 22:33:52,789 [INFO] DbMcusAds:125 - Set database path to: C:\Users\ashan\.stmcufinder\plugins\mcufinder//mcu/
2025-06-07 22:33:52,791 [INFO] CrossReferenceDbSqlite:203 - Set database path to: C:\Users\ashan\.stmcufinder\plugins\mcufinder//mcu/cs/
2025-06-07 22:33:52,906 [INFO] RulesReader:64 - Compatibility file has been processed (302 Rules)
2025-06-07 22:33:52,981 [INFO] DbMcusXml:78 - Set database path to: C:\ST\STM32CubeIDE_1.18.1\STM32CubeIDE\plugins\com.st.stm32cube.common.mx_6.14.1.202504091515\\db\/mcu/
2025-06-07 22:33:52,981 [INFO] ApiDb:274 - Set plugin database path to: C:\ST\STM32CubeIDE_1.18.1\STM32CubeIDE\plugins\com.st.stm32cube.common.mx_6.14.1.202504091515\\db\/plugins/boardmanager/
2025-06-07 22:33:52,982 [INFO] ApiDb:261 - Set plugin images path to: C:\ST\STM32CubeIDE_1.18.1\STM32CubeIDE\plugins\com.st.stm32cube.common.mx_6.14.1.202504091515\\db\/plugins/mcufinder/images/
2025-06-07 22:33:52,982 [WARN] DbFile:41 - Overriding database path with different value: C:\Users\ashan\.stmcufinder\plugins\mcufinder/ => C:\Users\ashan\.stmcufinder\plugins\mcufinder
2025-06-07 22:33:52,982 [INFO] ApiDb:250 - Set database path to: C:\Users\ashan\.stmcufinder\plugins\mcufinder//mcu/
2025-06-07 22:33:52,982 [WARN] DbFile:41 - Overriding database path with different value: C:\Users\ashan\.stmcufinder\plugins\mcufinder/ => C:\Users\ashan\.stmcufinder\plugins\mcufinder
2025-06-07 22:33:52,982 [INFO] DbMcusAds:125 - Set database path to: C:\Users\ashan\.stmcufinder\plugins\mcufinder//mcu/
2025-06-07 22:33:52,982 [WARN] DbFile:41 - Overriding database path with different value: C:\Users\ashan\.stmcufinder\plugins\mcufinder/ => C:\Users\ashan\.stmcufinder\plugins\mcufinder
2025-06-07 22:33:52,982 [WARN] DbFile:41 - Overriding database path with different value: C:\Users\ashan\.stmcufinder\plugins\mcufinder/ => C:\Users\ashan\.stmcufinder\plugins\mcufinder
2025-06-07 22:33:52,982 [INFO] CrossReferenceDbSqlite:203 - Set database path to: C:\Users\ashan\.stmcufinder\plugins\mcufinder//mcu/cs/
2025-06-07 22:33:53,073 [INFO] MainPanel:272 - HeapMemory: 268435456
2025-06-07 22:33:53,180 [INFO] DbMcusXml:78 - Set database path to: C:\ST\STM32CubeIDE_1.18.1\STM32CubeIDE\plugins\com.st.stm32cube.common.mx_6.14.1.202504091515\\db\/mcu/
2025-06-07 22:33:53,180 [INFO] ApiDb:274 - Set plugin database path to: C:\ST\STM32CubeIDE_1.18.1\STM32CubeIDE\plugins\com.st.stm32cube.common.mx_6.14.1.202504091515\\db\/plugins/boardmanager/
2025-06-07 22:33:53,180 [INFO] ApiDb:261 - Set plugin images path to: C:\ST\STM32CubeIDE_1.18.1\STM32CubeIDE\plugins\com.st.stm32cube.common.mx_6.14.1.202504091515\\db\/plugins/mcufinder/images/
2025-06-07 22:33:53,180 [WARN] DbFile:41 - Overriding database path with different value: C:\Users\ashan\.stmcufinder\plugins\mcufinder/ => C:\Users\ashan\.stmcufinder\plugins\mcufinder
2025-06-07 22:33:53,180 [INFO] ApiDb:250 - Set database path to: C:\Users\ashan\.stmcufinder\plugins\mcufinder//mcu/
2025-06-07 22:33:53,180 [WARN] DbFile:41 - Overriding database path with different value: C:\Users\ashan\.stmcufinder\plugins\mcufinder/ => C:\Users\ashan\.stmcufinder\plugins\mcufinder
2025-06-07 22:33:53,180 [INFO] DbMcusAds:125 - Set database path to: C:\Users\ashan\.stmcufinder\plugins\mcufinder//mcu/
2025-06-07 22:33:53,180 [WARN] DbFile:41 - Overriding database path with different value: C:\Users\ashan\.stmcufinder\plugins\mcufinder/ => C:\Users\ashan\.stmcufinder\plugins\mcufinder
2025-06-07 22:33:53,180 [WARN] DbFile:41 - Overriding database path with different value: C:\Users\ashan\.stmcufinder\plugins\mcufinder/ => C:\Users\ashan\.stmcufinder\plugins\mcufinder
2025-06-07 22:33:53,180 [INFO] CrossReferenceDbSqlite:203 - Set database path to: C:\Users\ashan\.stmcufinder\plugins\mcufinder//mcu/cs/
2025-06-07 22:33:53,198 [INFO] ApplicationProperties:184 - Using Application install path: C:\ST\STM32CubeIDE_1.18.1\STM32CubeIDE\plugins\com.st.stm32cube.common.mx_6.14.1.202504091515
2025-06-07 22:33:53,199 [INFO] PluginManage:196 - Search for loadable plugins [exclusion list=, ]
2025-06-07 22:33:53,200 [INFO] PluginManage:310 - Check plugin analytics
2025-06-07 22:33:53,411 [INFO] AnalyticsPlugin:253 - Accepted Software Licenses: 
2025-06-07 22:33:53,411 [INFO] AnalyticsPlugin:255 - Accepted CMSIS Pack Licenses: 
2025-06-07 22:33:53,411 [INFO] AnalyticsPlugin:257 - Accepted Firmware Licenses: 
2025-06-07 22:33:53,415 [INFO] PluginManage:359 - Loaded plugin analytics (category:tool,tabindex:-1)
2025-06-07 22:33:53,415 [INFO] PluginManage:310 - Check plugin cadmodel
2025-06-07 22:33:53,420 [INFO] CADModel:105 - Init CAD model plugin
2025-06-07 22:33:53,421 [INFO] PluginManage:359 - Loaded plugin cadmodel (category:power,tabindex:5)
2025-06-07 22:33:53,422 [INFO] PluginManage:310 - Check plugin clock
2025-06-07 22:33:53,429 [INFO] PluginManage:359 - Loaded plugin clock (category:base,tabindex:2)
2025-06-07 22:33:53,429 [INFO] PluginManage:310 - Check plugin ddr
2025-06-07 22:33:53,433 [INFO] PluginManage:359 - Loaded plugin ddr (category:tool,tabindex:6)
2025-06-07 22:33:53,433 [INFO] PluginManage:310 - Check plugin filemanager
2025-06-07 22:33:53,633 [INFO] PluginManage:359 - Loaded plugin filemanager (category:base,tabindex:10)
2025-06-07 22:33:53,633 [INFO] PluginManage:310 - Check plugin ipmanager
2025-06-07 22:33:53,640 [INFO] PluginManage:359 - Loaded plugin ipmanager (category:base,tabindex:5)
2025-06-07 22:33:53,640 [INFO] PluginManage:310 - Check plugin lpbam
2025-06-07 22:33:53,647 [INFO] PluginManage:359 - Loaded plugin lpbam (category:base,tabindex:0)
2025-06-07 22:33:53,647 [INFO] PluginManage:310 - Check plugin memorymap
2025-06-07 22:33:53,662 [INFO] PluginManage:359 - Loaded plugin memorymap (category:base,tabindex:4)
2025-06-07 22:33:53,662 [INFO] PluginManage:310 - Check plugin pinoutandconfiguration
2025-06-07 22:33:53,677 [INFO] PluginManage:359 - Loaded plugin pinoutandconfiguration (category:base,tabindex:1)
2025-06-07 22:33:53,677 [INFO] PluginManage:310 - Check plugin pinoutconfig
2025-06-07 22:33:53,795 [WARN] SupportedApi:132 - Cannot load RTOS API schema: s4s-elt-must-match.1: The content of 'definitions' must match (annotation?, (simpleType | complexType)?, (unique | key | keyref)*)). A problem was found starting at: attribute.
2025-06-07 22:33:53,970 [INFO] PluginManage:359 - Loaded plugin pinoutconfig (category:base,tabindex:0)
2025-06-07 22:33:53,970 [INFO] PluginManage:310 - Check plugin power
2025-06-07 22:33:53,983 [INFO] PluginManage:359 - Loaded plugin power (category:power,tabindex:4)
2025-06-07 22:33:53,983 [INFO] PluginManage:310 - Check plugin projectmanager
2025-06-07 22:33:53,999 [INFO] PluginManage:359 - Loaded plugin projectmanager (category:projectmanager,tabindex:4)
2025-06-07 22:33:53,999 [INFO] PluginManage:310 - Check plugin rif
2025-06-07 22:33:54,007 [INFO] PluginManage:359 - Loaded plugin rif (category:base,tabindex:3)
2025-06-07 22:33:54,007 [INFO] PluginManage:310 - Check plugin thirdparty
2025-06-07 22:33:54,131 [INFO] PluginManage:359 - Loaded plugin thirdparty (category:base,tabindex:-1)
2025-06-07 22:33:54,131 [INFO] PluginManage:310 - Check plugin tools
2025-06-07 22:33:54,131 [WARN] IntegrityCheckThread:84 - waiting for thirdparty lock release [integrity check]
2025-06-07 22:33:54,132 [INFO] IntegrityCheckThread:86 - entering critical section [integrity check]
2025-06-07 22:33:54,132 [INFO] ThirdPartyUpdaterWithRetryManager:70 - Updater plugin not ready yet. [1/15]
2025-06-07 22:33:54,134 [INFO] PluginManage:359 - Loaded plugin tools (category:base,tabindex:7)
2025-06-07 22:33:54,134 [INFO] PluginManage:310 - Check plugin tutovideos
2025-06-07 22:33:54,301 [INFO] PluginManage:359 - Loaded plugin tutovideos (category:base,tabindex:-1)
2025-06-07 22:33:54,301 [INFO] PluginManage:310 - Check plugin updater
2025-06-07 22:33:54,321 [INFO] PluginManage:359 - Loaded plugin updater (category:base,tabindex:12)
2025-06-07 22:33:54,321 [INFO] PluginManage:310 - Check plugin userauth
2025-06-07 22:33:54,327 [INFO] UserAuth:118 - Init User Auth plugin
2025-06-07 22:33:54,327 [INFO] PluginManage:359 - Loaded plugin userauth (category:base,tabindex:14)
2025-06-07 22:33:54,328 [INFO] PluginManage:283 - PluginManage : Loaded plugins [18]
2025-06-07 22:33:54,564 [INFO] PinOutPanel:1589 - setPackage(No Configuration,No Configuration)
2025-06-07 22:33:54,642 [INFO] CADModel:165 - CPN selected for project level
2025-06-07 22:33:54,642 [INFO] CADModel:114 - Register for checkConnection events
2025-06-07 22:33:54,670 [INFO] IPUIPlugin:80 - create IPUIPlugin
2025-06-07 22:33:54,670 [INFO] PluginManager:220 - loadIPPluginJar : add adc
2025-06-07 22:33:54,674 [INFO] IPUIPlugin:80 - create IPUIPlugin
2025-06-07 22:33:54,674 [INFO] PluginManager:220 - loadIPPluginJar : add aes
2025-06-07 22:33:54,676 [INFO] IPUIPlugin:80 - create IPUIPlugin
2025-06-07 22:33:54,676 [INFO] PluginManager:220 - loadIPPluginJar : add can
2025-06-07 22:33:54,679 [INFO] IPUIPlugin:80 - create IPUIPlugin
2025-06-07 22:33:54,679 [INFO] PluginManager:220 - loadIPPluginJar : add comp
2025-06-07 22:33:54,681 [INFO] IPUIPlugin:80 - create IPUIPlugin
2025-06-07 22:33:54,681 [INFO] PluginManager:220 - loadIPPluginJar : add cryp
2025-06-07 22:33:54,683 [INFO] IPUIPlugin:80 - create IPUIPlugin
2025-06-07 22:33:54,683 [INFO] PluginManager:220 - loadIPPluginJar : add ddr_ctrl_phy
2025-06-07 22:33:54,685 [INFO] IPUIPlugin:80 - create IPUIPlugin
2025-06-07 22:33:54,685 [INFO] PluginManager:220 - loadIPPluginJar : add dfsdm
2025-06-07 22:33:54,693 [INFO] IPUIPlugin:80 - create IPUIPlugin
2025-06-07 22:33:54,694 [INFO] PluginManager:220 - loadIPPluginJar : add dma
2025-06-07 22:33:54,696 [INFO] IPUIPlugin:80 - create IPUIPlugin
2025-06-07 22:33:54,696 [INFO] PluginManager:220 - loadIPPluginJar : add dma3
2025-06-07 22:33:54,700 [INFO] IPUIPlugin:80 - create IPUIPlugin
2025-06-07 22:33:54,700 [INFO] PluginManager:220 - loadIPPluginJar : add extmemmanager
2025-06-07 22:33:54,702 [INFO] IPUIPlugin:80 - create IPUIPlugin
2025-06-07 22:33:54,702 [INFO] PluginManager:220 - loadIPPluginJar : add fatfs
2025-06-07 22:33:54,705 [INFO] IPUIPlugin:80 - create IPUIPlugin
2025-06-07 22:33:54,706 [INFO] PluginManager:220 - loadIPPluginJar : add fmc
2025-06-07 22:33:54,716 [INFO] IPUIPlugin:80 - create IPUIPlugin
2025-06-07 22:33:54,716 [INFO] PluginManager:220 - loadIPPluginJar : add freertos
2025-06-07 22:33:54,718 [INFO] IPUIPlugin:80 - create IPUIPlugin
2025-06-07 22:33:54,718 [INFO] PluginManager:220 - loadIPPluginJar : add genericplugin
2025-06-07 22:33:54,721 [INFO] IPUIPlugin:80 - create IPUIPlugin
2025-06-07 22:33:54,721 [INFO] PluginManager:220 - loadIPPluginJar : add gfxmmu
2025-06-07 22:33:54,726 [INFO] IPUIPlugin:80 - create IPUIPlugin
2025-06-07 22:33:54,726 [INFO] PluginManager:220 - loadIPPluginJar : add gic
2025-06-07 22:33:54,731 [INFO] IPUIPlugin:80 - create IPUIPlugin
2025-06-07 22:33:54,731 [INFO] PluginManager:220 - loadIPPluginJar : add gpio
2025-06-07 22:33:54,734 [INFO] IPUIPlugin:80 - create IPUIPlugin
2025-06-07 22:33:54,735 [INFO] PluginManager:220 - loadIPPluginJar : add gtzc
2025-06-07 22:33:54,736 [INFO] IPUIPlugin:80 - create IPUIPlugin
2025-06-07 22:33:54,736 [INFO] PluginManager:220 - loadIPPluginJar : add hash
2025-06-07 22:33:54,740 [INFO] IPUIPlugin:80 - create IPUIPlugin
2025-06-07 22:33:54,740 [INFO] PluginManager:220 - loadIPPluginJar : add i2c
2025-06-07 22:33:54,744 [INFO] IPUIPlugin:80 - create IPUIPlugin
2025-06-07 22:33:54,744 [INFO] PluginManager:220 - loadIPPluginJar : add i2s
2025-06-07 22:33:54,748 [INFO] IPUIPlugin:80 - create IPUIPlugin
2025-06-07 22:33:54,748 [INFO] PluginManager:220 - loadIPPluginJar : add i3c
2025-06-07 22:33:54,751 [INFO] IPUIPlugin:80 - create IPUIPlugin
2025-06-07 22:33:54,751 [INFO] PluginManager:220 - loadIPPluginJar : add ipddr
2025-06-07 22:33:54,757 [INFO] IPUIPlugin:80 - create IPUIPlugin
2025-06-07 22:33:54,757 [INFO] PluginManager:220 - loadIPPluginJar : add linkedlist
2025-06-07 22:33:54,760 [INFO] IPUIPlugin:80 - create IPUIPlugin
2025-06-07 22:33:54,760 [INFO] PluginManager:220 - loadIPPluginJar : add lorawan
2025-06-07 22:33:54,766 [INFO] IPUIPlugin:80 - create IPUIPlugin
2025-06-07 22:33:54,766 [INFO] PluginManager:220 - loadIPPluginJar : add ltdc
2025-06-07 22:33:54,771 [INFO] IPUIPlugin:80 - create IPUIPlugin
2025-06-07 22:33:54,771 [INFO] PluginManager:220 - loadIPPluginJar : add mdma
2025-06-07 22:33:54,776 [INFO] IPUIPlugin:80 - create IPUIPlugin
2025-06-07 22:33:54,776 [INFO] PluginManager:220 - loadIPPluginJar : add nvic
2025-06-07 22:33:54,779 [INFO] IPUIPlugin:80 - create IPUIPlugin
2025-06-07 22:33:54,779 [INFO] PluginManager:220 - loadIPPluginJar : add opamp
2025-06-07 22:33:54,782 [INFO] IPUIPlugin:80 - create IPUIPlugin
2025-06-07 22:33:54,782 [INFO] PluginManager:220 - loadIPPluginJar : add openamp
2025-06-07 22:33:54,785 [INFO] IPUIPlugin:80 - create IPUIPlugin
2025-06-07 22:33:54,785 [INFO] PluginManager:220 - loadIPPluginJar : add pdm2pcm
2025-06-07 22:33:54,790 [INFO] IPUIPlugin:80 - create IPUIPlugin
2025-06-07 22:33:54,792 [INFO] PluginManager:220 - loadIPPluginJar : add plateformsettings
2025-06-07 22:33:54,795 [INFO] IPUIPlugin:80 - create IPUIPlugin
2025-06-07 22:33:54,795 [INFO] PluginManager:220 - loadIPPluginJar : add quadspi
2025-06-07 22:33:54,797 [INFO] IPUIPlugin:80 - create IPUIPlugin
2025-06-07 22:33:54,798 [INFO] PluginManager:220 - loadIPPluginJar : add radio
2025-06-07 22:33:54,801 [INFO] IPUIPlugin:80 - create IPUIPlugin
2025-06-07 22:33:54,801 [INFO] PluginManager:220 - loadIPPluginJar : add resmgrutility
2025-06-07 22:33:54,802 [INFO] IPUIPlugin:80 - create IPUIPlugin
2025-06-07 22:33:54,802 [INFO] PluginManager:220 - loadIPPluginJar : add sai
2025-06-07 22:33:54,805 [INFO] IPUIPlugin:80 - create IPUIPlugin
2025-06-07 22:33:54,805 [INFO] PluginManager:220 - loadIPPluginJar : add spi
2025-06-07 22:33:54,810 [INFO] IPUIPlugin:80 - create IPUIPlugin
2025-06-07 22:33:54,810 [INFO] PluginManager:220 - loadIPPluginJar : add stm32_wpan
2025-06-07 22:33:54,812 [INFO] IPUIPlugin:80 - create IPUIPlugin
2025-06-07 22:33:54,812 [INFO] PluginManager:220 - loadIPPluginJar : add tim
2025-06-07 22:33:54,815 [INFO] IPUIPlugin:80 - create IPUIPlugin
2025-06-07 22:33:54,815 [INFO] PluginManager:220 - loadIPPluginJar : add touchsensing
2025-06-07 22:33:54,816 [INFO] IPUIPlugin:80 - create IPUIPlugin
2025-06-07 22:33:54,816 [INFO] PluginManager:220 - loadIPPluginJar : add tracer_emb
2025-06-07 22:33:54,818 [INFO] IPUIPlugin:80 - create IPUIPlugin
2025-06-07 22:33:54,818 [INFO] PluginManager:220 - loadIPPluginJar : add ts
2025-06-07 22:33:54,819 [INFO] IPUIPlugin:80 - create IPUIPlugin
2025-06-07 22:33:54,819 [INFO] PluginManager:220 - loadIPPluginJar : add tsc
2025-06-07 22:33:54,820 [INFO] IPUIPlugin:80 - create IPUIPlugin
2025-06-07 22:33:54,820 [INFO] PluginManager:220 - loadIPPluginJar : add ucpd
2025-06-07 22:33:54,822 [INFO] IPUIPlugin:80 - create IPUIPlugin
2025-06-07 22:33:54,822 [INFO] PluginManager:220 - loadIPPluginJar : add usart
2025-06-07 22:33:54,829 [INFO] IPUIPlugin:80 - create IPUIPlugin
2025-06-07 22:33:54,829 [INFO] PluginManager:220 - loadIPPluginJar : add usbx
2025-06-07 22:33:54,960 [FATAL] Updater:351 - Updater called before beeing initialized
2025-06-07 22:33:54,989 [INFO] RulesReader:64 - Compatibility file has been processed (302 Rules)
2025-06-07 22:33:55,001 [INFO] RulesReader:64 - Compatibility file has been processed (302 Rules)
2025-06-07 22:33:55,012 [INFO] CADModel:165 - CPN selected for project level
2025-06-07 22:33:55,012 [INFO] CADModel:114 - Register for checkConnection events
2025-06-07 22:33:55,012 [FATAL] Updater:351 - Updater called before beeing initialized
2025-06-07 22:33:55,012 [ERROR] CADModel:125 - Updater not yet initialized, retry later 
2025-06-07 22:33:55,167 [FATAL] Updater:351 - Updater called before beeing initialized
2025-06-07 22:33:55,173 [INFO] CADModel:165 - CPN selected for project level
2025-06-07 22:33:55,173 [INFO] CADModel:114 - Register for checkConnection events
2025-06-07 22:33:55,173 [FATAL] Updater:351 - Updater called before beeing initialized
2025-06-07 22:33:55,174 [ERROR] CADModel:125 - Updater not yet initialized, retry later 
2025-06-07 22:33:55,177 [FATAL] Updater:351 - Updater called before beeing initialized
2025-06-07 22:33:55,300 [FATAL] Updater:351 - Updater called before beeing initialized
2025-06-07 22:33:55,305 [INFO] DbMcusAds:53 - JSON generation date=Thu Sep 30 12:25:09 IST 2021 (1632984909247)
2025-06-07 22:33:55,305 [FATAL] Updater:351 - Updater called before beeing initialized
2025-06-07 22:33:55,350 [WARN] DetailPanel:346 - Failed to get advertising image, set to default
2025-06-07 22:33:55,604 [FATAL] Updater:351 - Updater called before beeing initialized
2025-06-07 22:33:55,610 [FATAL] Updater:351 - Updater called before beeing initialized
2025-06-07 22:33:55,610 [FATAL] Updater:351 - Updater called before beeing initialized
2025-06-07 22:33:55,610 [WARN] DetailPanel:346 - Failed to get advertising image, set to default
2025-06-07 22:33:55,611 [FATAL] Updater:351 - Updater called before beeing initialized
2025-06-07 22:33:55,658 [ERROR] Updater:1198 - MainUpdater not yet initialized. External WinMGr cannot be set.
2025-06-07 22:33:55,660 [INFO] Updater:1134 - Updater Version found : 6.14.1
2025-06-07 22:33:55,683 [INFO] ApplicationProperties:184 - Using Application install path: C:\ST\STM32CubeIDE_1.18.1\STM32CubeIDE\plugins\com.st.stm32cube.common.mx_6.14.1.202504091515
2025-06-07 22:33:57,133 [INFO] ThirdPartyUpdaterWithRetryManager:70 - Updater plugin not ready yet. [2/15]
2025-06-07 22:33:57,261 [ERROR] LogOutputStream:75 - [STDERR_REDIRECT] Jun 07, 2025 10:33:57 PM java.util.prefs.WindowsPreferences <init>
2025-06-07 22:33:57,263 [ERROR] LogOutputStream:75 - [STDERR_REDIRECT] WARNING: Could not open/create prefs root node Software\JavaSoft\Prefs at root 0xffffffff80000002. Windows RegCreateKeyEx(...) returned error code 5.
2025-06-07 22:33:57,263 [ERROR] LogOutputStream:75 - [STDERR_REDIRECT] 
2025-06-07 22:33:57,754 [INFO] MainUpdater:2872 - connection check result : 10
2025-06-07 22:33:57,755 [INFO] MainUpdater:289 - Updater Check For Update Now.
2025-06-07 22:33:57,756 [INFO] MicroXplorer:498 - Change Database Version : DB.6.0.141
2025-06-07 22:33:57,772 [INFO] McuFinderGlobals:63 - Set McuFinder mode to 2 (CubeIDE integrated)
2025-06-07 22:33:57,772 [INFO] UserAuth:171 - activating auth plugin
2025-06-07 22:33:57,776 [INFO] UserAuth:484 - Internet connection configuration mode: 1
2025-06-07 22:33:57,804 [INFO] JxBrowserEngine:152 - Initiate JxBrowser Engine with user profile folder
2025-06-07 22:33:57,939 [INFO] CheckServerUpdateThread:120 - End of CheckServer Thread
2025-06-07 22:33:59,194 [INFO] WebApp:169 - Instantiating new browser for Auth
2025-06-07 22:34:00,718 [WARN] PackLoader:240 - Cannot read IP mode file for STMicroelectronics.FP-SNS-MOTENVWB1.1.4.0
2025-06-07 22:34:00,763 [WARN] PackLoader:240 - Cannot read IP mode file for STMicroelectronics.FP-ATR-ASTRA1.2.0.2
2025-06-07 22:34:00,795 [WARN] PackLoader:240 - Cannot read IP mode file for STMicroelectronics.X-CUBE-SMBUS.2.1.0
2025-06-07 22:34:00,815 [WARN] PackLoader:240 - Cannot read IP mode file for STMicroelectronics.X-CUBE-ST60.1.0.0
2025-06-07 22:34:00,895 [WARN] PackLoader:240 - Cannot read IP mode file for STMicroelectronics.X-CUBE-AZRTOS-F7.1.1.0
2025-06-07 22:34:01,010 [WARN] PackLoader:240 - Cannot read IP mode file for Infineon.AIROC-Wi-Fi-Bluetooth-STM32.1.7.0
2025-06-07 22:34:01,048 [WARN] PackLoader:240 - Cannot read IP mode file for STMicroelectronics.X-CUBE-DISPLAY.3.0.0
2025-06-07 22:34:01,074 [WARN] PackLoader:240 - Cannot read IP mode file for STMicroelectronics.X-CUBE-NFC10.1.0.0
2025-06-07 22:34:01,109 [WARN] PackLoader:240 - Cannot read IP mode file for STMicroelectronics.X-CUBE-BLEMGR.4.0.0
2025-06-07 22:34:01,133 [WARN] PackLoader:240 - Cannot read IP mode file for emotas.I-CUBE-CANOPEN.1.3.0
2025-06-07 22:34:01,144 [WARN] ConditionMgr:438 - getConditionDescription Invalid condition id : Cortex-A Device cause : null
2025-06-07 22:34:01,207 [WARN] ConditionMgr:1044 - genDependencies : Invalid condition id : Cortex-A Device cause : null
2025-06-07 22:34:01,207 [WARN] ConditionMgr:1044 - genDependencies : Invalid condition id : Cortex-A Device cause : null
2025-06-07 22:34:01,208 [WARN] ConditionMgr:1044 - genDependencies : Invalid condition id : Cortex-A Device cause : null
2025-06-07 22:34:01,220 [WARN] PackLoader:240 - Cannot read IP mode file for STMicroelectronics.FP-SNS-SMARTAG2.1.2.0
2025-06-07 22:34:01,230 [WARN] PackLoader:240 - Cannot read IP mode file for STMicroelectronics.FP-SNS-FLIGHT1.5.1.0
2025-06-07 22:34:01,260 [INFO] LogOutputStream:77 - [STDOUT_REDIRECT] 1 : Invalid condition id : UX_CORESTACK_Condition cause : null
2025-06-07 22:34:01,261 [INFO] LogOutputStream:77 - [STDOUT_REDIRECT] 1 : Invalid condition id : UX_CORESTACK_Condition cause : null
2025-06-07 22:34:01,266 [INFO] LogOutputStream:77 - [STDOUT_REDIRECT] 1 : Invalid condition id : UX_CORESTACK_Condition cause : null
2025-06-07 22:34:01,268 [INFO] LogOutputStream:77 - [STDOUT_REDIRECT] 1 : Invalid condition id : UX_CORESTACK_Condition cause : null
2025-06-07 22:34:01,269 [INFO] WebApp:463 - Apply proxy settings
2025-06-07 22:34:01,270 [INFO] WebApp:548 - Chromium requires no authentication
2025-06-07 22:34:01,273 [INFO] LogOutputStream:77 - [STDOUT_REDIRECT] 1 : Invalid condition id : UX_CORESTACK_Condition cause : null
2025-06-07 22:34:01,282 [WARN] PackLoader:240 - Cannot read IP mode file for STMicroelectronics.X-CUBE-AZRTOS-WL.2.0.0
2025-06-07 22:34:01,297 [WARN] PackLoader:240 - Cannot read IP mode file for STMicroelectronics.FP-SNS-MOTENV1.5.0.0
2025-06-07 22:34:01,309 [INFO] WebApp:491 - Direct internet connection detected
2025-06-07 22:34:01,314 [WARN] PackLoader:240 - Cannot read IP mode file for WES.I-CUBE-Cesium.1.3.0
2025-06-07 22:34:01,324 [WARN] PackLoader:240 - Cannot read IP mode file for STMicroelectronics.X-CUBE-BLE2.3.3.0
2025-06-07 22:34:01,337 [WARN] PackLoader:240 - Cannot read IP mode file for STMicroelectronics.X-CUBE-NFC9.1.0.0
2025-06-07 22:34:01,350 [WARN] PackLoader:240 - Cannot read IP mode file for wolfSSL.I-CUBE-wolfSSL.5.8.0
2025-06-07 22:34:01,359 [WARN] PackLoader:240 - Cannot read IP mode file for STMicroelectronics.X-CUBE-BLE1.7.1.0
2025-06-07 22:34:01,366 [WARN] PackLoader:240 - Cannot read IP mode file for wolfSSL.I-CUBE-wolfMQTT.1.19.2
2025-06-07 22:34:01,375 [WARN] PackLoader:240 - Cannot read IP mode file for STMicroelectronics.X-CUBE-AI.10.1.0
2025-06-07 22:34:01,385 [INFO] WebApp:894 - Register for checkConnection events
2025-06-07 22:34:01,386 [INFO] WebApp:463 - Apply proxy settings
2025-06-07 22:34:01,386 [INFO] WebApp:548 - Chromium requires no authentication
2025-06-07 22:34:01,388 [INFO] WebApp:491 - Direct internet connection detected
2025-06-07 22:34:01,460 [WARN] PackLoader:240 - Cannot read IP mode file for STMicroelectronics.X-CUBE-MEMS1.11.2.0
2025-06-07 22:34:01,756 [WARN] PackLoader:240 - Cannot read IP mode file for STMicroelectronics.X-CUBE-AZRTOS-G0.1.1.0
2025-06-07 22:34:01,770 [WARN] PackLoader:240 - Cannot read IP mode file for STMicroelectronics.X-CUBE-SAFEA1.1.2.2
2025-06-07 22:34:01,781 [WARN] PackLoader:240 - Cannot read IP mode file for STMicroelectronics.X-CUBE-NFC4.3.0.0
2025-06-07 22:34:01,797 [WARN] PackLoader:240 - Cannot read IP mode file for EmbeddedOffice.I-CUBE-FS-RTOS.1.0.1
2025-06-07 22:34:01,807 [WARN] PackLoader:240 - Cannot read IP mode file for STMicroelectronics.X-CUBE-WB05N.2.0.0
2025-06-07 22:34:01,814 [WARN] PackLoader:240 - Cannot read IP mode file for wolfSSL.I-CUBE-wolfTPM.3.8.0
2025-06-07 22:34:01,822 [WARN] PackLoader:240 - Cannot read IP mode file for STMicroelectronics.X-CUBE-TCPP.4.2.0
2025-06-07 22:34:01,835 [WARN] PackLoader:240 - Cannot read IP mode file for RealThread.X-CUBE-RT-Thread_Nano.4.1.1
2025-06-07 22:34:01,845 [WARN] PackLoader:240 - Cannot read IP mode file for STMicroelectronics.FP-ATR-SIGFOX1.3.2.0
2025-06-07 22:34:01,856 [WARN] PackLoader:240 - Cannot read IP mode file for STMicroelectronics.X-CUBE-EEPRMA1.5.1.0
2025-06-07 22:34:01,872 [WARN] PackLoader:240 - Cannot read IP mode file for ITTIA_DB.I-CUBE-ITTIADB.8.9.0
2025-06-07 22:34:01,886 [WARN] PackLoader:240 - Cannot read IP mode file for STMicroelectronics.X-CUBE-ST67W61.1.0.0
2025-06-07 22:34:01,953 [WARN] PackLoader:240 - Cannot read IP mode file for SEGGER.I-CUBE-embOS.1.3.1
2025-06-07 22:34:02,004 [INFO] WebApp:225 - Starting web application
2025-06-07 22:34:02,004 [INFO] WebApp:593 - Web application path used C:\ST\STM32CubeIDE_1.18.1\STM32CubeIDE\plugins\com.st.stm32cube.common.mx_6.14.1.202504091515\db\plugins\mcufinder\reactClient1\index.html
2025-06-07 22:34:02,025 [WARN] PackLoader:240 - Cannot read IP mode file for STMicroelectronics.X-CUBE-ALGOBUILD.1.4.0
2025-06-07 22:34:02,059 [WARN] PackLoader:240 - Cannot read IP mode file for STMicroelectronics.X-CUBE-AZRTOS-F4.1.1.0
2025-06-07 22:34:02,074 [WARN] PackLoader:240 - Cannot read IP mode file for STMicroelectronics.X-CUBE-ISPU.2.1.0
2025-06-07 22:34:02,107 [WARN] PackLoader:240 - Cannot read IP mode file for STMicroelectronics.X-CUBE-AZRTOS-L5.2.0.0
2025-06-07 22:34:02,127 [WARN] PackLoader:240 - Cannot read IP mode file for STMicroelectronics.X-CUBE-NFC6.3.1.0
2025-06-07 22:34:02,145 [WARN] PackLoader:240 - Cannot read IP mode file for STMicroelectronics.X-CUBE-FREERTOS.1.3.1
2025-06-07 22:34:02,161 [WARN] PackLoader:240 - Cannot read IP mode file for STMicroelectronics.X-CUBE-DPower.1.3.0
2025-06-07 22:34:02,211 [WARN] ConditionMgr:438 - getConditionDescription Invalid condition id : LAN8742 Phy interface Condition cause : null
2025-06-07 22:34:02,212 [WARN] PackLoader:240 - Cannot read IP mode file for STMicroelectronics.X-CUBE-AZRTOS-L4.2.0.0
2025-06-07 22:34:02,215 [WARN] ConditionMgr:1044 - genDependencies : Invalid condition id : LAN8742 Phy interface Condition cause : null
2025-06-07 22:34:02,216 [WARN] ConditionMgr:1044 - genDependencies : Invalid condition id : LAN8742 Phy interface Condition cause : null
2025-06-07 22:34:02,217 [WARN] ConditionMgr:1044 - genDependencies : Invalid condition id : LAN8742 Phy interface Condition cause : null
2025-06-07 22:34:02,226 [INFO] WebApp:191 - Connection restablished
2025-06-07 22:34:02,238 [WARN] PackLoader:240 - Cannot read IP mode file for STMicroelectronics.X-CUBE-SFXS2LP1.4.0.0
2025-06-07 22:34:02,277 [WARN] PackLoader:240 - Cannot read IP mode file for STMicroelectronics.X-CUBE-AZRTOS-H7.3.3.0
2025-06-07 22:34:02,314 [WARN] ConditionMgr:438 - getConditionDescription Invalid condition id : UX DEVICE CLASS RTOS Condition cause : null
2025-06-07 22:34:02,314 [WARN] ConditionMgr:438 - getConditionDescription Invalid condition id : UX DEVICE CLASS RTOS Condition cause : null
2025-06-07 22:34:02,318 [WARN] PackLoader:240 - Cannot read IP mode file for STMicroelectronics.X-CUBE-AZRTOS-WB.2.0.0
2025-06-07 22:34:02,319 [WARN] ConditionMgr:1044 - genDependencies : Invalid condition id : UX DEVICE CLASS RTOS Condition cause : null
2025-06-07 22:34:02,319 [WARN] ConditionMgr:1044 - genDependencies : Invalid condition id : UX DEVICE CLASS RTOS Condition cause : null
2025-06-07 22:34:02,320 [WARN] ConditionMgr:1044 - genDependencies : Invalid condition id : UX DEVICE CLASS RTOS Condition cause : null
2025-06-07 22:34:02,320 [WARN] ConditionMgr:1044 - genDependencies : Invalid condition id : UX DEVICE CLASS RTOS Condition cause : null
2025-06-07 22:34:02,321 [WARN] ConditionMgr:1044 - genDependencies : Invalid condition id : UX DEVICE CLASS RTOS Condition cause : null
2025-06-07 22:34:02,336 [WARN] PackLoader:240 - Cannot read IP mode file for STMicroelectronics.X-CUBE-GNSS1.7.0.1
2025-06-07 22:34:02,347 [WARN] PackLoader:240 - Cannot read IP mode file for STMicroelectronics.X-CUBE-TOUCHGFX.4.25.0
2025-06-07 22:34:02,360 [WARN] PackLoader:240 - Cannot read IP mode file for STMicroelectronics.FP-SNS-STBOX1.2.0.0
2025-06-07 22:34:02,379 [WARN] PackLoader:240 - Cannot read IP mode file for STMicroelectronics.X-CUBE-SUBG2.5.0.0
2025-06-07 22:34:02,410 [WARN] PackLoader:240 - Cannot read IP mode file for STMicroelectronics.X-CUBE-AZRTOS-H7RS.1.1.0
2025-06-07 22:34:02,423 [WARN] PackLoader:240 - Cannot read IP mode file for Cesanta.I-CUBE-Mongoose.7.13.0
2025-06-07 22:34:02,446 [WARN] PackLoader:240 - Cannot read IP mode file for STMicroelectronics.X-CUBE-AZRTOS-G4.2.0.0
2025-06-07 22:34:02,459 [WARN] PackLoader:240 - Cannot read IP mode file for wolfSSL.I-CUBE-wolfSSH.1.4.20
2025-06-07 22:34:02,469 [WARN] PackLoader:240 - Cannot read IP mode file for STMicroelectronics.X-CUBE-NFC7.2.0.0
2025-06-07 22:34:02,505 [WARN] PackLoader:240 - Cannot read IP mode file for STMicroelectronics.X-CUBE-IPS.3.1.0
2025-06-07 22:34:02,532 [WARN] PackLoader:240 - Cannot read IP mode file for STMicroelectronics.X-CUBE-ALS.1.0.2
2025-06-07 22:34:02,549 [WARN] PackLoader:240 - Cannot read IP mode file for portGmbH.I-Cube-SoM-uGOAL.1.1.0
2025-06-07 22:34:02,571 [WARN] PackLoader:240 - Cannot read IP mode file for STMicroelectronics.X-CUBE-TOF1.3.4.3
2025-06-07 22:34:02,586 [INFO] ThirdParty:978 - Integrity check success = true
2025-06-07 22:34:02,586 [INFO] IntegrityCheckThread:100 - exiting critical section [integrity check]
2025-06-07 22:34:02,586 [INFO] IntegrityCheckThread:103 - End integrity checks thread
2025-06-07 22:34:03,073 [ERROR] LogOutputStream:75 - [STDERR_REDIRECT] [Fatal Error] :1:1: Premature end of file.
2025-06-07 22:34:03,074 [ERROR] LogOutputStream:75 - [STDERR_REDIRECT] 
2025-06-07 22:34:03,733 [ERROR] LogOutputStream:75 - [STDERR_REDIRECT] [Fatal Error] :1:1: Premature end of file.
2025-06-07 22:34:03,733 [ERROR] LogOutputStream:75 - [STDERR_REDIRECT] 
2025-06-07 22:34:04,731 [ERROR] LogOutputStream:75 - [STDERR_REDIRECT] [Fatal Error] :1:1: Premature end of file.
2025-06-07 22:34:04,731 [ERROR] LogOutputStream:75 - [STDERR_REDIRECT] 
2025-06-07 22:34:05,736 [ERROR] LogOutputStream:75 - [STDERR_REDIRECT] [Fatal Error] :1:1: Premature end of file.
2025-06-07 22:34:05,736 [ERROR] LogOutputStream:75 - [STDERR_REDIRECT] 
2025-06-07 22:34:06,723 [ERROR] LogOutputStream:75 - [STDERR_REDIRECT] [Fatal Error] :1:1: Premature end of file.
2025-06-07 22:34:06,723 [ERROR] LogOutputStream:75 - [STDERR_REDIRECT] 
2025-06-07 22:34:07,760 [ERROR] LogOutputStream:75 - [STDERR_REDIRECT] [Fatal Error] :1:1: Premature end of file.
2025-06-07 22:34:07,760 [ERROR] LogOutputStream:75 - [STDERR_REDIRECT] 
2025-06-07 22:34:08,727 [ERROR] LogOutputStream:75 - [STDERR_REDIRECT] [Fatal Error] :1:1: Premature end of file.
2025-06-07 22:34:08,727 [ERROR] LogOutputStream:75 - [STDERR_REDIRECT] 
2025-06-07 22:34:09,741 [ERROR] LogOutputStream:75 - [STDERR_REDIRECT] [Fatal Error] :1:1: Premature end of file.
2025-06-07 22:34:09,741 [ERROR] LogOutputStream:75 - [STDERR_REDIRECT] 
2025-06-07 22:34:10,725 [ERROR] LogOutputStream:75 - [STDERR_REDIRECT] [Fatal Error] :1:1: Premature end of file.
2025-06-07 22:34:10,725 [ERROR] LogOutputStream:75 - [STDERR_REDIRECT] 
2025-06-07 22:34:11,726 [ERROR] LogOutputStream:75 - [STDERR_REDIRECT] [Fatal Error] :1:1: Premature end of file.
2025-06-07 22:34:11,726 [ERROR] LogOutputStream:75 - [STDERR_REDIRECT] 
2025-06-07 22:34:12,724 [ERROR] LogOutputStream:75 - [STDERR_REDIRECT] [Fatal Error] :1:1: Premature end of file.
2025-06-07 22:34:12,724 [ERROR] LogOutputStream:75 - [STDERR_REDIRECT] 
2025-06-07 22:34:13,732 [ERROR] LogOutputStream:75 - [STDERR_REDIRECT] [Fatal Error] :1:1: Premature end of file.
2025-06-07 22:34:13,732 [ERROR] LogOutputStream:75 - [STDERR_REDIRECT] 
2025-06-07 22:34:14,727 [ERROR] LogOutputStream:75 - [STDERR_REDIRECT] [Fatal Error] :1:1: Premature end of file.
2025-06-07 22:34:14,729 [ERROR] LogOutputStream:75 - [STDERR_REDIRECT] 
2025-06-07 22:34:15,748 [ERROR] LogOutputStream:75 - [STDERR_REDIRECT] [Fatal Error] :1:1: Premature end of file.
2025-06-07 22:34:15,749 [ERROR] LogOutputStream:75 - [STDERR_REDIRECT] 
2025-06-07 22:34:16,747 [ERROR] LogOutputStream:75 - [STDERR_REDIRECT] [Fatal Error] :1:1: Premature end of file.
2025-06-07 22:34:16,747 [ERROR] LogOutputStream:75 - [STDERR_REDIRECT] 
2025-06-07 22:34:17,727 [ERROR] LogOutputStream:75 - [STDERR_REDIRECT] [Fatal Error] :1:1: Premature end of file.
2025-06-07 22:34:17,727 [ERROR] LogOutputStream:75 - [STDERR_REDIRECT] 
2025-06-07 22:34:18,731 [ERROR] LogOutputStream:75 - [STDERR_REDIRECT] [Fatal Error] :1:1: Premature end of file.
2025-06-07 22:34:18,731 [ERROR] LogOutputStream:75 - [STDERR_REDIRECT] 
2025-06-07 22:34:19,723 [ERROR] LogOutputStream:75 - [STDERR_REDIRECT] [Fatal Error] :1:1: Premature end of file.
2025-06-07 22:34:19,723 [ERROR] LogOutputStream:75 - [STDERR_REDIRECT] 
2025-06-07 22:34:20,725 [ERROR] LogOutputStream:75 - [STDERR_REDIRECT] [Fatal Error] :1:1: Premature end of file.
2025-06-07 22:34:20,725 [ERROR] LogOutputStream:75 - [STDERR_REDIRECT] 
2025-06-07 22:34:21,739 [ERROR] LogOutputStream:75 - [STDERR_REDIRECT] [Fatal Error] :1:1: Premature end of file.
2025-06-07 22:34:21,739 [ERROR] LogOutputStream:75 - [STDERR_REDIRECT] 
2025-06-07 22:34:22,734 [ERROR] LogOutputStream:75 - [STDERR_REDIRECT] [Fatal Error] :1:1: Premature end of file.
2025-06-07 22:34:22,735 [ERROR] LogOutputStream:75 - [STDERR_REDIRECT] 
2025-06-07 22:34:23,733 [ERROR] LogOutputStream:75 - [STDERR_REDIRECT] [Fatal Error] :1:1: Premature end of file.
2025-06-07 22:34:23,734 [ERROR] LogOutputStream:75 - [STDERR_REDIRECT] 
2025-06-07 22:34:24,735 [ERROR] LogOutputStream:75 - [STDERR_REDIRECT] [Fatal Error] :1:1: Premature end of file.
2025-06-07 22:34:24,735 [ERROR] LogOutputStream:75 - [STDERR_REDIRECT] 
2025-06-07 22:34:25,724 [ERROR] LogOutputStream:75 - [STDERR_REDIRECT] [Fatal Error] :1:1: Premature end of file.
2025-06-07 22:34:25,725 [ERROR] LogOutputStream:75 - [STDERR_REDIRECT] 
2025-06-07 22:34:26,723 [ERROR] LogOutputStream:75 - [STDERR_REDIRECT] [Fatal Error] :1:1: Premature end of file.
2025-06-07 22:34:26,723 [ERROR] LogOutputStream:75 - [STDERR_REDIRECT] 
2025-06-07 22:34:27,737 [ERROR] LogOutputStream:75 - [STDERR_REDIRECT] [Fatal Error] :1:1: Premature end of file.
2025-06-07 22:34:27,737 [ERROR] LogOutputStream:75 - [STDERR_REDIRECT] 
2025-06-07 22:34:28,758 [ERROR] LogOutputStream:75 - [STDERR_REDIRECT] [Fatal Error] :1:1: Premature end of file.
2025-06-07 22:34:28,758 [ERROR] LogOutputStream:75 - [STDERR_REDIRECT] 
2025-06-07 22:34:29,724 [ERROR] LogOutputStream:75 - [STDERR_REDIRECT] [Fatal Error] :1:1: Premature end of file.
2025-06-07 22:34:29,724 [ERROR] LogOutputStream:75 - [STDERR_REDIRECT] 
2025-06-07 22:34:30,728 [ERROR] LogOutputStream:75 - [STDERR_REDIRECT] [Fatal Error] :1:1: Premature end of file.
2025-06-07 22:34:30,728 [ERROR] LogOutputStream:75 - [STDERR_REDIRECT] 
2025-06-07 22:34:31,725 [ERROR] LogOutputStream:75 - [STDERR_REDIRECT] [Fatal Error] :1:1: Premature end of file.
2025-06-07 22:34:31,726 [ERROR] LogOutputStream:75 - [STDERR_REDIRECT] 
2025-06-07 22:34:32,725 [ERROR] LogOutputStream:75 - [STDERR_REDIRECT] [Fatal Error] :1:1: Premature end of file.
2025-06-07 22:34:32,725 [ERROR] LogOutputStream:75 - [STDERR_REDIRECT] 
2025-06-07 22:34:33,727 [ERROR] LogOutputStream:75 - [STDERR_REDIRECT] [Fatal Error] :1:1: Premature end of file.
2025-06-07 22:34:33,727 [ERROR] LogOutputStream:75 - [STDERR_REDIRECT] 
2025-06-07 22:34:34,725 [ERROR] LogOutputStream:75 - [STDERR_REDIRECT] [Fatal Error] :1:1: Premature end of file.
2025-06-07 22:34:34,726 [ERROR] LogOutputStream:75 - [STDERR_REDIRECT] 
2025-06-07 22:34:35,727 [ERROR] LogOutputStream:75 - [STDERR_REDIRECT] [Fatal Error] :1:1: Premature end of file.
2025-06-07 22:34:35,727 [ERROR] LogOutputStream:75 - [STDERR_REDIRECT] 
2025-06-07 22:34:36,749 [ERROR] LogOutputStream:75 - [STDERR_REDIRECT] [Fatal Error] :1:1: Premature end of file.
2025-06-07 22:34:36,749 [ERROR] LogOutputStream:75 - [STDERR_REDIRECT] 
2025-06-07 22:34:37,734 [ERROR] LogOutputStream:75 - [STDERR_REDIRECT] [Fatal Error] :1:1: Premature end of file.
2025-06-07 22:34:37,735 [ERROR] LogOutputStream:75 - [STDERR_REDIRECT] 
2025-06-07 22:34:38,723 [ERROR] LogOutputStream:75 - [STDERR_REDIRECT] [Fatal Error] :1:1: Premature end of file.
2025-06-07 22:34:38,724 [ERROR] LogOutputStream:75 - [STDERR_REDIRECT] 
2025-06-07 22:34:39,726 [ERROR] LogOutputStream:75 - [STDERR_REDIRECT] [Fatal Error] :1:1: Premature end of file.
2025-06-07 22:34:39,726 [ERROR] LogOutputStream:75 - [STDERR_REDIRECT] 
2025-06-07 22:34:40,736 [ERROR] LogOutputStream:75 - [STDERR_REDIRECT] [Fatal Error] :1:1: Premature end of file.
2025-06-07 22:34:40,737 [ERROR] LogOutputStream:75 - [STDERR_REDIRECT] 
2025-06-07 22:34:41,762 [ERROR] LogOutputStream:75 - [STDERR_REDIRECT] [Fatal Error] :1:1: Premature end of file.
2025-06-07 22:34:41,762 [ERROR] LogOutputStream:75 - [STDERR_REDIRECT] 
2025-06-07 22:34:42,723 [ERROR] LogOutputStream:75 - [STDERR_REDIRECT] [Fatal Error] :1:1: Premature end of file.
2025-06-07 22:34:42,723 [ERROR] LogOutputStream:75 - [STDERR_REDIRECT] 
2025-06-07 22:34:43,742 [ERROR] LogOutputStream:75 - [STDERR_REDIRECT] [Fatal Error] :1:1: Premature end of file.
2025-06-07 22:34:43,742 [ERROR] LogOutputStream:75 - [STDERR_REDIRECT] 
2025-06-07 22:34:44,725 [ERROR] LogOutputStream:75 - [STDERR_REDIRECT] [Fatal Error] :1:1: Premature end of file.
2025-06-07 22:34:44,725 [ERROR] LogOutputStream:75 - [STDERR_REDIRECT] 
2025-06-07 22:34:45,738 [ERROR] LogOutputStream:75 - [STDERR_REDIRECT] [Fatal Error] :1:1: Premature end of file.
2025-06-07 22:34:45,739 [ERROR] LogOutputStream:75 - [STDERR_REDIRECT] 
2025-06-07 22:34:46,723 [ERROR] LogOutputStream:75 - [STDERR_REDIRECT] [Fatal Error] :1:1: Premature end of file.
2025-06-07 22:34:46,723 [ERROR] LogOutputStream:75 - [STDERR_REDIRECT] 
2025-06-07 22:34:47,727 [ERROR] LogOutputStream:75 - [STDERR_REDIRECT] [Fatal Error] :1:1: Premature end of file.
2025-06-07 22:34:47,728 [ERROR] LogOutputStream:75 - [STDERR_REDIRECT] 
2025-06-07 22:34:48,739 [ERROR] LogOutputStream:75 - [STDERR_REDIRECT] [Fatal Error] :1:1: Premature end of file.
2025-06-07 22:34:48,739 [ERROR] LogOutputStream:75 - [STDERR_REDIRECT] 
2025-06-07 22:34:49,724 [ERROR] LogOutputStream:75 - [STDERR_REDIRECT] [Fatal Error] :1:1: Premature end of file.
2025-06-07 22:34:49,724 [ERROR] LogOutputStream:75 - [STDERR_REDIRECT] 
2025-06-07 22:34:50,732 [ERROR] LogOutputStream:75 - [STDERR_REDIRECT] [Fatal Error] :1:1: Premature end of file.
2025-06-07 22:34:50,732 [ERROR] LogOutputStream:75 - [STDERR_REDIRECT] 
2025-06-07 22:34:51,754 [ERROR] LogOutputStream:75 - [STDERR_REDIRECT] [Fatal Error] :1:1: Premature end of file.
2025-06-07 22:34:51,755 [ERROR] LogOutputStream:75 - [STDERR_REDIRECT] 
2025-06-07 22:34:52,750 [ERROR] LogOutputStream:75 - [STDERR_REDIRECT] [Fatal Error] :1:1: Premature end of file.
2025-06-07 22:34:52,750 [ERROR] LogOutputStream:75 - [STDERR_REDIRECT] 
2025-06-07 22:34:53,758 [ERROR] LogOutputStream:75 - [STDERR_REDIRECT] [Fatal Error] :1:1: Premature end of file.
2025-06-07 22:34:53,758 [ERROR] LogOutputStream:75 - [STDERR_REDIRECT] 
2025-06-07 22:34:54,726 [ERROR] LogOutputStream:75 - [STDERR_REDIRECT] [Fatal Error] :1:1: Premature end of file.
2025-06-07 22:34:54,726 [ERROR] LogOutputStream:75 - [STDERR_REDIRECT] 
2025-06-07 22:34:55,731 [ERROR] LogOutputStream:75 - [STDERR_REDIRECT] [Fatal Error] :1:1: Premature end of file.
2025-06-07 22:34:55,731 [ERROR] LogOutputStream:75 - [STDERR_REDIRECT] 
2025-06-07 22:34:56,732 [ERROR] LogOutputStream:75 - [STDERR_REDIRECT] [Fatal Error] :1:1: Premature end of file.
2025-06-07 22:34:56,734 [ERROR] LogOutputStream:75 - [STDERR_REDIRECT] 
2025-06-07 22:34:57,733 [ERROR] LogOutputStream:75 - [STDERR_REDIRECT] [Fatal Error] :1:1: Premature end of file.
2025-06-07 22:34:57,733 [ERROR] LogOutputStream:75 - [STDERR_REDIRECT] 
2025-06-07 22:34:58,758 [ERROR] LogOutputStream:75 - [STDERR_REDIRECT] [Fatal Error] :1:1: Premature end of file.
2025-06-07 22:34:58,760 [ERROR] LogOutputStream:75 - [STDERR_REDIRECT] 
2025-06-07 22:34:59,722 [ERROR] LogOutputStream:75 - [STDERR_REDIRECT] [Fatal Error] :1:1: Premature end of file.
2025-06-07 22:34:59,724 [ERROR] LogOutputStream:75 - [STDERR_REDIRECT] 
2025-06-07 22:35:00,726 [ERROR] LogOutputStream:75 - [STDERR_REDIRECT] [Fatal Error] :1:1: Premature end of file.
2025-06-07 22:35:00,727 [ERROR] LogOutputStream:75 - [STDERR_REDIRECT] 
2025-06-07 22:35:01,732 [ERROR] LogOutputStream:75 - [STDERR_REDIRECT] [Fatal Error] :1:1: Premature end of file.
2025-06-07 22:35:01,732 [ERROR] LogOutputStream:75 - [STDERR_REDIRECT] 
2025-06-07 22:35:02,757 [ERROR] LogOutputStream:75 - [STDERR_REDIRECT] [Fatal Error] :1:1: Premature end of file.
2025-06-07 22:35:02,757 [ERROR] LogOutputStream:75 - [STDERR_REDIRECT] 
2025-06-07 22:35:03,731 [ERROR] LogOutputStream:75 - [STDERR_REDIRECT] [Fatal Error] :1:1: Premature end of file.
2025-06-07 22:35:03,731 [ERROR] LogOutputStream:75 - [STDERR_REDIRECT] 
2025-06-07 22:35:04,747 [ERROR] LogOutputStream:75 - [STDERR_REDIRECT] [Fatal Error] :1:1: Premature end of file.
2025-06-07 22:35:04,747 [ERROR] LogOutputStream:75 - [STDERR_REDIRECT] 
2025-06-07 22:35:05,733 [ERROR] LogOutputStream:75 - [STDERR_REDIRECT] [Fatal Error] :1:1: Premature end of file.
2025-06-07 22:35:05,733 [ERROR] LogOutputStream:75 - [STDERR_REDIRECT] 
2025-06-07 22:35:06,724 [ERROR] LogOutputStream:75 - [STDERR_REDIRECT] [Fatal Error] :1:1: Premature end of file.
2025-06-07 22:35:06,724 [ERROR] LogOutputStream:75 - [STDERR_REDIRECT] 
2025-06-07 22:35:07,757 [ERROR] LogOutputStream:75 - [STDERR_REDIRECT] [Fatal Error] :1:1: Premature end of file.
2025-06-07 22:35:07,757 [ERROR] LogOutputStream:75 - [STDERR_REDIRECT] 
2025-06-07 22:35:08,758 [ERROR] LogOutputStream:75 - [STDERR_REDIRECT] [Fatal Error] :1:1: Premature end of file.
2025-06-07 22:35:08,759 [ERROR] LogOutputStream:75 - [STDERR_REDIRECT] 
2025-06-07 22:35:09,731 [ERROR] LogOutputStream:75 - [STDERR_REDIRECT] [Fatal Error] :1:1: Premature end of file.
2025-06-07 22:35:09,731 [ERROR] LogOutputStream:75 - [STDERR_REDIRECT] 
2025-06-07 22:35:10,764 [ERROR] LogOutputStream:75 - [STDERR_REDIRECT] [Fatal Error] :1:1: Premature end of file.
2025-06-07 22:35:10,764 [ERROR] LogOutputStream:75 - [STDERR_REDIRECT] 
2025-06-07 22:35:11,733 [ERROR] LogOutputStream:75 - [STDERR_REDIRECT] [Fatal Error] :1:1: Premature end of file.
2025-06-07 22:35:11,733 [ERROR] LogOutputStream:75 - [STDERR_REDIRECT] 
2025-06-07 22:35:12,752 [ERROR] LogOutputStream:75 - [STDERR_REDIRECT] [Fatal Error] :1:1: Premature end of file.
2025-06-07 22:35:12,752 [ERROR] LogOutputStream:75 - [STDERR_REDIRECT] 
2025-06-07 22:35:13,751 [ERROR] LogOutputStream:75 - [STDERR_REDIRECT] [Fatal Error] :1:1: Premature end of file.
2025-06-07 22:35:13,752 [ERROR] LogOutputStream:75 - [STDERR_REDIRECT] 
2025-06-07 22:35:14,744 [ERROR] LogOutputStream:75 - [STDERR_REDIRECT] [Fatal Error] :1:1: Premature end of file.
2025-06-07 22:35:14,745 [ERROR] LogOutputStream:75 - [STDERR_REDIRECT] 
2025-06-07 22:35:15,732 [ERROR] LogOutputStream:75 - [STDERR_REDIRECT] [Fatal Error] :1:1: Premature end of file.
2025-06-07 22:35:15,732 [ERROR] LogOutputStream:75 - [STDERR_REDIRECT] 
2025-06-07 22:35:16,735 [ERROR] LogOutputStream:75 - [STDERR_REDIRECT] [Fatal Error] :1:1: Premature end of file.
2025-06-07 22:35:16,735 [ERROR] LogOutputStream:75 - [STDERR_REDIRECT] 
2025-06-07 22:35:17,750 [ERROR] LogOutputStream:75 - [STDERR_REDIRECT] [Fatal Error] :1:1: Premature end of file.
2025-06-07 22:35:17,750 [ERROR] LogOutputStream:75 - [STDERR_REDIRECT] 
2025-06-07 22:35:18,725 [ERROR] LogOutputStream:75 - [STDERR_REDIRECT] [Fatal Error] :1:1: Premature end of file.
2025-06-07 22:35:18,726 [ERROR] LogOutputStream:75 - [STDERR_REDIRECT] 
2025-06-07 22:35:19,754 [ERROR] LogOutputStream:75 - [STDERR_REDIRECT] [Fatal Error] :1:1: Premature end of file.
2025-06-07 22:35:19,754 [ERROR] LogOutputStream:75 - [STDERR_REDIRECT] 
2025-06-07 22:35:20,731 [ERROR] LogOutputStream:75 - [STDERR_REDIRECT] [Fatal Error] :1:1: Premature end of file.
2025-06-07 22:35:20,731 [ERROR] LogOutputStream:75 - [STDERR_REDIRECT] 
2025-06-07 22:35:21,751 [ERROR] LogOutputStream:75 - [STDERR_REDIRECT] [Fatal Error] :1:1: Premature end of file.
2025-06-07 22:35:21,751 [ERROR] LogOutputStream:75 - [STDERR_REDIRECT] 
2025-06-07 22:35:22,736 [ERROR] LogOutputStream:75 - [STDERR_REDIRECT] [Fatal Error] :1:1: Premature end of file.
2025-06-07 22:35:22,736 [ERROR] LogOutputStream:75 - [STDERR_REDIRECT] 
2025-06-07 22:35:23,732 [ERROR] LogOutputStream:75 - [STDERR_REDIRECT] [Fatal Error] :1:1: Premature end of file.
2025-06-07 22:35:23,732 [ERROR] LogOutputStream:75 - [STDERR_REDIRECT] 
2025-06-07 22:35:24,726 [ERROR] LogOutputStream:75 - [STDERR_REDIRECT] [Fatal Error] :1:1: Premature end of file.
2025-06-07 22:35:24,726 [ERROR] LogOutputStream:75 - [STDERR_REDIRECT] 
2025-06-07 22:35:25,725 [ERROR] LogOutputStream:75 - [STDERR_REDIRECT] [Fatal Error] :1:1: Premature end of file.
2025-06-07 22:35:25,726 [ERROR] LogOutputStream:75 - [STDERR_REDIRECT] 
2025-06-07 22:35:26,785 [ERROR] LogOutputStream:75 - [STDERR_REDIRECT] [Fatal Error] :1:1: Premature end of file.
2025-06-07 22:35:26,785 [ERROR] LogOutputStream:75 - [STDERR_REDIRECT] 
2025-06-07 22:35:27,729 [ERROR] LogOutputStream:75 - [STDERR_REDIRECT] [Fatal Error] :1:1: Premature end of file.
2025-06-07 22:35:27,729 [ERROR] LogOutputStream:75 - [STDERR_REDIRECT] 
2025-06-07 22:35:28,724 [ERROR] LogOutputStream:75 - [STDERR_REDIRECT] [Fatal Error] :1:1: Premature end of file.
2025-06-07 22:35:28,724 [ERROR] LogOutputStream:75 - [STDERR_REDIRECT] 
2025-06-07 22:35:29,746 [ERROR] LogOutputStream:75 - [STDERR_REDIRECT] [Fatal Error] :1:1: Premature end of file.
2025-06-07 22:35:29,746 [ERROR] LogOutputStream:75 - [STDERR_REDIRECT] 
2025-06-07 22:35:30,739 [ERROR] LogOutputStream:75 - [STDERR_REDIRECT] [Fatal Error] :1:1: Premature end of file.
2025-06-07 22:35:30,739 [ERROR] LogOutputStream:75 - [STDERR_REDIRECT] 
2025-06-07 22:35:31,742 [ERROR] LogOutputStream:75 - [STDERR_REDIRECT] [Fatal Error] :1:1: Premature end of file.
2025-06-07 22:35:31,742 [ERROR] LogOutputStream:75 - [STDERR_REDIRECT] 
2025-06-07 22:35:32,730 [ERROR] LogOutputStream:75 - [STDERR_REDIRECT] [Fatal Error] :1:1: Premature end of file.
2025-06-07 22:35:32,730 [ERROR] LogOutputStream:75 - [STDERR_REDIRECT] 
2025-06-07 22:35:33,731 [ERROR] LogOutputStream:75 - [STDERR_REDIRECT] [Fatal Error] :1:1: Premature end of file.
2025-06-07 22:35:33,731 [ERROR] LogOutputStream:75 - [STDERR_REDIRECT] 
2025-06-07 22:35:34,733 [ERROR] LogOutputStream:75 - [STDERR_REDIRECT] [Fatal Error] :1:1: Premature end of file.
2025-06-07 22:35:34,733 [ERROR] LogOutputStream:75 - [STDERR_REDIRECT] 
2025-06-07 22:35:35,734 [ERROR] LogOutputStream:75 - [STDERR_REDIRECT] [Fatal Error] :1:1: Premature end of file.
2025-06-07 22:35:35,735 [ERROR] LogOutputStream:75 - [STDERR_REDIRECT] 
2025-06-07 22:35:36,737 [ERROR] LogOutputStream:75 - [STDERR_REDIRECT] [Fatal Error] :1:1: Premature end of file.
2025-06-07 22:35:36,737 [ERROR] LogOutputStream:75 - [STDERR_REDIRECT] 
2025-06-07 22:35:37,730 [ERROR] LogOutputStream:75 - [STDERR_REDIRECT] [Fatal Error] :1:1: Premature end of file.
2025-06-07 22:35:37,730 [ERROR] LogOutputStream:75 - [STDERR_REDIRECT] 
2025-06-07 22:35:38,739 [ERROR] LogOutputStream:75 - [STDERR_REDIRECT] [Fatal Error] :1:1: Premature end of file.
2025-06-07 22:35:38,739 [ERROR] LogOutputStream:75 - [STDERR_REDIRECT] 
2025-06-07 22:35:39,727 [ERROR] LogOutputStream:75 - [STDERR_REDIRECT] [Fatal Error] :1:1: Premature end of file.
2025-06-07 22:35:39,727 [ERROR] LogOutputStream:75 - [STDERR_REDIRECT] 
2025-06-07 22:35:40,728 [ERROR] LogOutputStream:75 - [STDERR_REDIRECT] [Fatal Error] :1:1: Premature end of file.
2025-06-07 22:35:40,729 [ERROR] LogOutputStream:75 - [STDERR_REDIRECT] 
2025-06-07 22:35:41,739 [ERROR] LogOutputStream:75 - [STDERR_REDIRECT] [Fatal Error] :1:1: Premature end of file.
2025-06-07 22:35:41,739 [ERROR] LogOutputStream:75 - [STDERR_REDIRECT] 
2025-06-07 22:35:42,736 [ERROR] LogOutputStream:75 - [STDERR_REDIRECT] [Fatal Error] :1:1: Premature end of file.
2025-06-07 22:35:42,736 [ERROR] LogOutputStream:75 - [STDERR_REDIRECT] 
2025-06-07 22:35:43,741 [ERROR] LogOutputStream:75 - [STDERR_REDIRECT] [Fatal Error] :1:1: Premature end of file.
2025-06-07 22:35:43,741 [ERROR] LogOutputStream:75 - [STDERR_REDIRECT] 
2025-06-07 22:35:44,751 [ERROR] LogOutputStream:75 - [STDERR_REDIRECT] [Fatal Error] :1:1: Premature end of file.
2025-06-07 22:35:44,752 [ERROR] LogOutputStream:75 - [STDERR_REDIRECT] 
2025-06-07 22:35:45,731 [ERROR] LogOutputStream:75 - [STDERR_REDIRECT] [Fatal Error] :1:1: Premature end of file.
2025-06-07 22:35:45,733 [ERROR] LogOutputStream:75 - [STDERR_REDIRECT] 
2025-06-07 22:35:46,732 [ERROR] LogOutputStream:75 - [STDERR_REDIRECT] [Fatal Error] :1:1: Premature end of file.
2025-06-07 22:35:46,732 [ERROR] LogOutputStream:75 - [STDERR_REDIRECT] 
2025-06-07 22:35:47,745 [ERROR] LogOutputStream:75 - [STDERR_REDIRECT] [Fatal Error] :1:1: Premature end of file.
2025-06-07 22:35:47,745 [ERROR] LogOutputStream:75 - [STDERR_REDIRECT] 
2025-06-07 22:35:48,760 [ERROR] LogOutputStream:75 - [STDERR_REDIRECT] [Fatal Error] :1:1: Premature end of file.
2025-06-07 22:35:48,760 [ERROR] LogOutputStream:75 - [STDERR_REDIRECT] 
2025-06-07 22:35:49,724 [ERROR] LogOutputStream:75 - [STDERR_REDIRECT] [Fatal Error] :1:1: Premature end of file.
2025-06-07 22:35:49,724 [ERROR] LogOutputStream:75 - [STDERR_REDIRECT] 
2025-06-07 22:35:50,734 [ERROR] LogOutputStream:75 - [STDERR_REDIRECT] [Fatal Error] :1:1: Premature end of file.
2025-06-07 22:35:50,734 [ERROR] LogOutputStream:75 - [STDERR_REDIRECT] 
2025-06-07 22:35:51,762 [ERROR] LogOutputStream:75 - [STDERR_REDIRECT] [Fatal Error] :1:1: Premature end of file.
2025-06-07 22:35:51,762 [ERROR] LogOutputStream:75 - [STDERR_REDIRECT] 
2025-06-07 22:35:52,728 [ERROR] LogOutputStream:75 - [STDERR_REDIRECT] [Fatal Error] :1:1: Premature end of file.
2025-06-07 22:35:52,728 [ERROR] LogOutputStream:75 - [STDERR_REDIRECT] 
2025-06-07 22:35:53,724 [ERROR] LogOutputStream:75 - [STDERR_REDIRECT] [Fatal Error] :1:1: Premature end of file.
2025-06-07 22:35:53,725 [ERROR] LogOutputStream:75 - [STDERR_REDIRECT] 
2025-06-07 22:35:54,752 [ERROR] LogOutputStream:75 - [STDERR_REDIRECT] [Fatal Error] :1:1: Premature end of file.
2025-06-07 22:35:54,753 [ERROR] LogOutputStream:75 - [STDERR_REDIRECT] 
2025-06-07 22:35:55,734 [ERROR] LogOutputStream:75 - [STDERR_REDIRECT] [Fatal Error] :1:1: Premature end of file.
2025-06-07 22:35:55,734 [ERROR] LogOutputStream:75 - [STDERR_REDIRECT] 
2025-06-07 22:35:56,725 [ERROR] LogOutputStream:75 - [STDERR_REDIRECT] [Fatal Error] :1:1: Premature end of file.
2025-06-07 22:35:56,725 [ERROR] LogOutputStream:75 - [STDERR_REDIRECT] 
2025-06-07 22:35:57,724 [ERROR] LogOutputStream:75 - [STDERR_REDIRECT] [Fatal Error] :1:1: Premature end of file.
2025-06-07 22:35:57,724 [ERROR] LogOutputStream:75 - [STDERR_REDIRECT] 
2025-06-07 22:35:58,760 [ERROR] LogOutputStream:75 - [STDERR_REDIRECT] [Fatal Error] :1:1: Premature end of file.
2025-06-07 22:35:58,761 [ERROR] LogOutputStream:75 - [STDERR_REDIRECT] 
2025-06-07 22:35:59,723 [ERROR] LogOutputStream:75 - [STDERR_REDIRECT] [Fatal Error] :1:1: Premature end of file.
2025-06-07 22:35:59,723 [ERROR] LogOutputStream:75 - [STDERR_REDIRECT] 
2025-06-07 22:36:00,749 [ERROR] LogOutputStream:75 - [STDERR_REDIRECT] [Fatal Error] :1:1: Premature end of file.
2025-06-07 22:36:00,749 [ERROR] LogOutputStream:75 - [STDERR_REDIRECT] 
2025-06-07 22:36:01,752 [ERROR] LogOutputStream:75 - [STDERR_REDIRECT] [Fatal Error] :1:1: Premature end of file.
2025-06-07 22:36:01,752 [ERROR] LogOutputStream:75 - [STDERR_REDIRECT] 
2025-06-07 22:36:02,733 [ERROR] LogOutputStream:75 - [STDERR_REDIRECT] [Fatal Error] :1:1: Premature end of file.
2025-06-07 22:36:02,734 [ERROR] LogOutputStream:75 - [STDERR_REDIRECT] 
2025-06-07 22:36:03,744 [ERROR] LogOutputStream:75 - [STDERR_REDIRECT] [Fatal Error] :1:1: Premature end of file.
2025-06-07 22:36:03,744 [ERROR] LogOutputStream:75 - [STDERR_REDIRECT] 
2025-06-07 22:36:04,755 [ERROR] LogOutputStream:75 - [STDERR_REDIRECT] [Fatal Error] :1:1: Premature end of file.
2025-06-07 22:36:04,755 [ERROR] LogOutputStream:75 - [STDERR_REDIRECT] 
2025-06-07 22:36:05,725 [ERROR] LogOutputStream:75 - [STDERR_REDIRECT] [Fatal Error] :1:1: Premature end of file.
2025-06-07 22:36:05,726 [ERROR] LogOutputStream:75 - [STDERR_REDIRECT] 
2025-06-07 22:36:06,733 [ERROR] LogOutputStream:75 - [STDERR_REDIRECT] [Fatal Error] :1:1: Premature end of file.
2025-06-07 22:36:06,733 [ERROR] LogOutputStream:75 - [STDERR_REDIRECT] 
2025-06-07 22:36:07,755 [ERROR] LogOutputStream:75 - [STDERR_REDIRECT] [Fatal Error] :1:1: Premature end of file.
2025-06-07 22:36:07,756 [ERROR] LogOutputStream:75 - [STDERR_REDIRECT] 
2025-06-07 22:36:08,755 [ERROR] LogOutputStream:75 - [STDERR_REDIRECT] [Fatal Error] :1:1: Premature end of file.
2025-06-07 22:36:08,755 [ERROR] LogOutputStream:75 - [STDERR_REDIRECT] 
2025-06-07 22:36:09,752 [ERROR] LogOutputStream:75 - [STDERR_REDIRECT] [Fatal Error] :1:1: Premature end of file.
2025-06-07 22:36:09,753 [ERROR] LogOutputStream:75 - [STDERR_REDIRECT] 
2025-06-07 22:36:10,765 [ERROR] LogOutputStream:75 - [STDERR_REDIRECT] [Fatal Error] :1:1: Premature end of file.
2025-06-07 22:36:10,765 [ERROR] LogOutputStream:75 - [STDERR_REDIRECT] 
2025-06-07 22:36:11,748 [ERROR] LogOutputStream:75 - [STDERR_REDIRECT] [Fatal Error] :1:1: Premature end of file.
2025-06-07 22:36:11,749 [ERROR] LogOutputStream:75 - [STDERR_REDIRECT] 
2025-06-07 22:36:12,758 [ERROR] LogOutputStream:75 - [STDERR_REDIRECT] [Fatal Error] :1:1: Premature end of file.
2025-06-07 22:36:12,758 [ERROR] LogOutputStream:75 - [STDERR_REDIRECT] 
2025-06-07 22:36:13,747 [ERROR] LogOutputStream:75 - [STDERR_REDIRECT] [Fatal Error] :1:1: Premature end of file.
2025-06-07 22:36:13,748 [ERROR] LogOutputStream:75 - [STDERR_REDIRECT] 
2025-06-07 22:36:14,757 [ERROR] LogOutputStream:75 - [STDERR_REDIRECT] [Fatal Error] :1:1: Premature end of file.
2025-06-07 22:36:14,757 [ERROR] LogOutputStream:75 - [STDERR_REDIRECT] 
2025-06-07 22:36:15,729 [ERROR] LogOutputStream:75 - [STDERR_REDIRECT] [Fatal Error] :1:1: Premature end of file.
2025-06-07 22:36:15,730 [ERROR] LogOutputStream:75 - [STDERR_REDIRECT] 
2025-06-07 22:36:16,761 [ERROR] LogOutputStream:75 - [STDERR_REDIRECT] [Fatal Error] :1:1: Premature end of file.
2025-06-07 22:36:16,762 [ERROR] LogOutputStream:75 - [STDERR_REDIRECT] 
2025-06-07 22:36:17,760 [ERROR] LogOutputStream:75 - [STDERR_REDIRECT] [Fatal Error] :1:1: Premature end of file.
2025-06-07 22:36:17,760 [ERROR] LogOutputStream:75 - [STDERR_REDIRECT] 
2025-06-07 22:36:18,732 [ERROR] LogOutputStream:75 - [STDERR_REDIRECT] [Fatal Error] :1:1: Premature end of file.
2025-06-07 22:36:18,734 [ERROR] LogOutputStream:75 - [STDERR_REDIRECT] 
2025-06-07 22:36:19,759 [ERROR] LogOutputStream:75 - [STDERR_REDIRECT] [Fatal Error] :1:1: Premature end of file.
2025-06-07 22:36:19,759 [ERROR] LogOutputStream:75 - [STDERR_REDIRECT] 
2025-06-07 22:36:20,733 [ERROR] LogOutputStream:75 - [STDERR_REDIRECT] [Fatal Error] :1:1: Premature end of file.
2025-06-07 22:36:20,733 [ERROR] LogOutputStream:75 - [STDERR_REDIRECT] 
2025-06-07 22:36:21,731 [ERROR] LogOutputStream:75 - [STDERR_REDIRECT] [Fatal Error] :1:1: Premature end of file.
2025-06-07 22:36:21,733 [ERROR] LogOutputStream:75 - [STDERR_REDIRECT] 
2025-06-07 22:36:22,732 [ERROR] LogOutputStream:75 - [STDERR_REDIRECT] [Fatal Error] :1:1: Premature end of file.
2025-06-07 22:36:22,733 [ERROR] LogOutputStream:75 - [STDERR_REDIRECT] 
2025-06-07 22:36:23,730 [ERROR] LogOutputStream:75 - [STDERR_REDIRECT] [Fatal Error] :1:1: Premature end of file.
2025-06-07 22:36:23,730 [ERROR] LogOutputStream:75 - [STDERR_REDIRECT] 
2025-06-07 22:36:24,743 [ERROR] LogOutputStream:75 - [STDERR_REDIRECT] [Fatal Error] :1:1: Premature end of file.
2025-06-07 22:36:24,743 [ERROR] LogOutputStream:75 - [STDERR_REDIRECT] 
2025-06-07 22:36:25,723 [ERROR] LogOutputStream:75 - [STDERR_REDIRECT] [Fatal Error] :1:1: Premature end of file.
2025-06-07 22:36:25,724 [ERROR] LogOutputStream:75 - [STDERR_REDIRECT] 
2025-06-07 22:36:26,748 [ERROR] LogOutputStream:75 - [STDERR_REDIRECT] [Fatal Error] :1:1: Premature end of file.
2025-06-07 22:36:26,748 [ERROR] LogOutputStream:75 - [STDERR_REDIRECT] 
2025-06-07 22:36:27,733 [ERROR] LogOutputStream:75 - [STDERR_REDIRECT] [Fatal Error] :1:1: Premature end of file.
2025-06-07 22:36:27,733 [ERROR] LogOutputStream:75 - [STDERR_REDIRECT] 
2025-06-07 22:36:28,740 [ERROR] LogOutputStream:75 - [STDERR_REDIRECT] [Fatal Error] :1:1: Premature end of file.
2025-06-07 22:36:28,740 [ERROR] LogOutputStream:75 - [STDERR_REDIRECT] 
2025-06-07 22:36:29,754 [ERROR] LogOutputStream:75 - [STDERR_REDIRECT] [Fatal Error] :1:1: Premature end of file.
2025-06-07 22:36:29,754 [ERROR] LogOutputStream:75 - [STDERR_REDIRECT] 
2025-06-07 22:36:30,753 [ERROR] LogOutputStream:75 - [STDERR_REDIRECT] [Fatal Error] :1:1: Premature end of file.
2025-06-07 22:36:30,753 [ERROR] LogOutputStream:75 - [STDERR_REDIRECT] 
2025-06-07 22:36:31,746 [ERROR] LogOutputStream:75 - [STDERR_REDIRECT] [Fatal Error] :1:1: Premature end of file.
2025-06-07 22:36:31,746 [ERROR] LogOutputStream:75 - [STDERR_REDIRECT] 
2025-06-07 22:36:32,734 [ERROR] LogOutputStream:75 - [STDERR_REDIRECT] [Fatal Error] :1:1: Premature end of file.
2025-06-07 22:36:32,734 [ERROR] LogOutputStream:75 - [STDERR_REDIRECT] 
2025-06-07 22:36:33,732 [ERROR] LogOutputStream:75 - [STDERR_REDIRECT] [Fatal Error] :1:1: Premature end of file.
2025-06-07 22:36:33,732 [ERROR] LogOutputStream:75 - [STDERR_REDIRECT] 
2025-06-07 22:36:34,750 [ERROR] LogOutputStream:75 - [STDERR_REDIRECT] [Fatal Error] :1:1: Premature end of file.
2025-06-07 22:36:34,750 [ERROR] LogOutputStream:75 - [STDERR_REDIRECT] 
2025-06-07 22:36:35,723 [ERROR] LogOutputStream:75 - [STDERR_REDIRECT] [Fatal Error] :1:1: Premature end of file.
2025-06-07 22:36:35,723 [ERROR] LogOutputStream:75 - [STDERR_REDIRECT] 
2025-06-07 22:36:36,743 [ERROR] LogOutputStream:75 - [STDERR_REDIRECT] [Fatal Error] :1:1: Premature end of file.
2025-06-07 22:36:36,743 [ERROR] LogOutputStream:75 - [STDERR_REDIRECT] 
2025-06-07 22:36:37,748 [ERROR] LogOutputStream:75 - [STDERR_REDIRECT] [Fatal Error] :1:1: Premature end of file.
2025-06-07 22:36:37,749 [ERROR] LogOutputStream:75 - [STDERR_REDIRECT] 
2025-06-07 22:36:38,724 [ERROR] LogOutputStream:75 - [STDERR_REDIRECT] [Fatal Error] :1:1: Premature end of file.
2025-06-07 22:36:38,725 [ERROR] LogOutputStream:75 - [STDERR_REDIRECT] 
2025-06-07 22:36:39,756 [ERROR] LogOutputStream:75 - [STDERR_REDIRECT] [Fatal Error] :1:1: Premature end of file.
2025-06-07 22:36:39,756 [ERROR] LogOutputStream:75 - [STDERR_REDIRECT] 
2025-06-07 22:36:40,759 [ERROR] LogOutputStream:75 - [STDERR_REDIRECT] [Fatal Error] :1:1: Premature end of file.
2025-06-07 22:36:40,759 [ERROR] LogOutputStream:75 - [STDERR_REDIRECT] 
2025-06-07 22:36:41,725 [ERROR] LogOutputStream:75 - [STDERR_REDIRECT] [Fatal Error] :1:1: Premature end of file.
2025-06-07 22:36:41,726 [ERROR] LogOutputStream:75 - [STDERR_REDIRECT] 
2025-06-07 22:36:42,760 [ERROR] LogOutputStream:75 - [STDERR_REDIRECT] [Fatal Error] :1:1: Premature end of file.
2025-06-07 22:36:42,761 [ERROR] LogOutputStream:75 - [STDERR_REDIRECT] 
2025-06-07 22:36:43,731 [ERROR] LogOutputStream:75 - [STDERR_REDIRECT] [Fatal Error] :1:1: Premature end of file.
2025-06-07 22:36:43,732 [ERROR] LogOutputStream:75 - [STDERR_REDIRECT] 
2025-06-07 22:36:44,733 [ERROR] LogOutputStream:75 - [STDERR_REDIRECT] [Fatal Error] :1:1: Premature end of file.
2025-06-07 22:36:44,735 [ERROR] LogOutputStream:75 - [STDERR_REDIRECT] 
2025-06-07 22:36:45,749 [ERROR] LogOutputStream:75 - [STDERR_REDIRECT] [Fatal Error] :1:1: Premature end of file.
2025-06-07 22:36:45,749 [ERROR] LogOutputStream:75 - [STDERR_REDIRECT] 
2025-06-07 22:36:46,729 [ERROR] LogOutputStream:75 - [STDERR_REDIRECT] [Fatal Error] :1:1: Premature end of file.
2025-06-07 22:36:46,730 [ERROR] LogOutputStream:75 - [STDERR_REDIRECT] 
2025-06-07 22:36:47,727 [ERROR] LogOutputStream:75 - [STDERR_REDIRECT] [Fatal Error] :1:1: Premature end of file.
2025-06-07 22:36:47,727 [ERROR] LogOutputStream:75 - [STDERR_REDIRECT] 
2025-06-07 22:36:48,746 [ERROR] LogOutputStream:75 - [STDERR_REDIRECT] [Fatal Error] :1:1: Premature end of file.
2025-06-07 22:36:48,746 [ERROR] LogOutputStream:75 - [STDERR_REDIRECT] 
2025-06-07 22:36:49,732 [ERROR] LogOutputStream:75 - [STDERR_REDIRECT] [Fatal Error] :1:1: Premature end of file.
2025-06-07 22:36:49,734 [ERROR] LogOutputStream:75 - [STDERR_REDIRECT] 
2025-06-07 22:36:50,729 [ERROR] LogOutputStream:75 - [STDERR_REDIRECT] [Fatal Error] :1:1: Premature end of file.
2025-06-07 22:36:50,729 [ERROR] LogOutputStream:75 - [STDERR_REDIRECT] 
2025-06-07 22:36:51,728 [ERROR] LogOutputStream:75 - [STDERR_REDIRECT] [Fatal Error] :1:1: Premature end of file.
2025-06-07 22:36:51,729 [ERROR] LogOutputStream:75 - [STDERR_REDIRECT] 
2025-06-07 22:36:52,743 [ERROR] LogOutputStream:75 - [STDERR_REDIRECT] [Fatal Error] :1:1: Premature end of file.
2025-06-07 22:36:52,743 [ERROR] LogOutputStream:75 - [STDERR_REDIRECT] 
2025-06-07 22:36:53,732 [ERROR] LogOutputStream:75 - [STDERR_REDIRECT] [Fatal Error] :1:1: Premature end of file.
2025-06-07 22:36:53,734 [ERROR] LogOutputStream:75 - [STDERR_REDIRECT] 
2025-06-07 22:36:54,736 [ERROR] LogOutputStream:75 - [STDERR_REDIRECT] [Fatal Error] :1:1: Premature end of file.
2025-06-07 22:36:54,737 [ERROR] LogOutputStream:75 - [STDERR_REDIRECT] 
2025-06-07 22:36:55,742 [ERROR] LogOutputStream:75 - [STDERR_REDIRECT] [Fatal Error] :1:1: Premature end of file.
2025-06-07 22:36:55,742 [ERROR] LogOutputStream:75 - [STDERR_REDIRECT] 
2025-06-07 22:36:56,724 [ERROR] LogOutputStream:75 - [STDERR_REDIRECT] [Fatal Error] :1:1: Premature end of file.
2025-06-07 22:36:56,724 [ERROR] LogOutputStream:75 - [STDERR_REDIRECT] 
2025-06-07 22:36:57,741 [ERROR] LogOutputStream:75 - [STDERR_REDIRECT] [Fatal Error] :1:1: Premature end of file.
2025-06-07 22:36:57,741 [ERROR] LogOutputStream:75 - [STDERR_REDIRECT] 
2025-06-07 22:36:58,728 [ERROR] LogOutputStream:75 - [STDERR_REDIRECT] [Fatal Error] :1:1: Premature end of file.
2025-06-07 22:36:58,728 [ERROR] LogOutputStream:75 - [STDERR_REDIRECT] 
2025-06-07 22:36:59,744 [ERROR] LogOutputStream:75 - [STDERR_REDIRECT] [Fatal Error] :1:1: Premature end of file.
2025-06-07 22:36:59,744 [ERROR] LogOutputStream:75 - [STDERR_REDIRECT] 
2025-06-07 22:37:00,730 [ERROR] LogOutputStream:75 - [STDERR_REDIRECT] [Fatal Error] :1:1: Premature end of file.
2025-06-07 22:37:00,730 [ERROR] LogOutputStream:75 - [STDERR_REDIRECT] 
2025-06-07 22:37:01,743 [ERROR] LogOutputStream:75 - [STDERR_REDIRECT] [Fatal Error] :1:1: Premature end of file.
2025-06-07 22:37:01,743 [ERROR] LogOutputStream:75 - [STDERR_REDIRECT] 
2025-06-07 22:37:02,727 [ERROR] LogOutputStream:75 - [STDERR_REDIRECT] [Fatal Error] :1:1: Premature end of file.
2025-06-07 22:37:02,727 [ERROR] LogOutputStream:75 - [STDERR_REDIRECT] 
2025-06-07 22:37:03,732 [ERROR] LogOutputStream:75 - [STDERR_REDIRECT] [Fatal Error] :1:1: Premature end of file.
2025-06-07 22:37:03,734 [ERROR] LogOutputStream:75 - [STDERR_REDIRECT] 
2025-06-07 22:37:04,750 [ERROR] LogOutputStream:75 - [STDERR_REDIRECT] [Fatal Error] :1:1: Premature end of file.
2025-06-07 22:37:04,750 [ERROR] LogOutputStream:75 - [STDERR_REDIRECT] 
2025-06-07 22:37:05,727 [ERROR] LogOutputStream:75 - [STDERR_REDIRECT] [Fatal Error] :1:1: Premature end of file.
2025-06-07 22:37:05,727 [ERROR] LogOutputStream:75 - [STDERR_REDIRECT] 
2025-06-07 22:37:06,735 [ERROR] LogOutputStream:75 - [STDERR_REDIRECT] [Fatal Error] :1:1: Premature end of file.
2025-06-07 22:37:06,735 [ERROR] LogOutputStream:75 - [STDERR_REDIRECT] 
2025-06-07 22:37:07,732 [ERROR] LogOutputStream:75 - [STDERR_REDIRECT] [Fatal Error] :1:1: Premature end of file.
2025-06-07 22:37:07,734 [ERROR] LogOutputStream:75 - [STDERR_REDIRECT] 
2025-06-07 22:37:08,757 [ERROR] LogOutputStream:75 - [STDERR_REDIRECT] [Fatal Error] :1:1: Premature end of file.
2025-06-07 22:37:08,759 [ERROR] LogOutputStream:75 - [STDERR_REDIRECT] 
2025-06-07 22:37:09,737 [ERROR] LogOutputStream:75 - [STDERR_REDIRECT] [Fatal Error] :1:1: Premature end of file.
2025-06-07 22:37:09,737 [ERROR] LogOutputStream:75 - [STDERR_REDIRECT] 
2025-06-07 22:37:10,269 [ERROR] LogOutputStream:75 - [STDERR_REDIRECT] 
2025-06-07 22:37:10,271 [ERROR] LogOutputStream:75 - [STDERR_REDIRECT] 
